[2025-03-16 23:04:27] 🚀 Exit Velocity Feature Selection Started...

[2025-03-16 23:04:27] ✅ Train Size: 476 Test Size: 201

[2025-03-16 23:04:27] 🔥 Best Hyperparameters Found:

[2025-03-16 23:04:27] $eta

[2025-03-16 23:04:27] [1] 0.04076756

[2025-03-16 23:04:27] 

[2025-03-16 23:04:27] $max_depth

[2025-03-16 23:04:27] [1] 4

[2025-03-16 23:04:27] 

[2025-03-16 23:04:27] $gamma

[2025-03-16 23:04:27] [1] 0.7044199

[2025-03-16 23:04:27] 

[2025-03-16 23:04:27] $colsample_bytree

[2025-03-16 23:04:27] [1] 0.6807796

[2025-03-16 23:04:27] 

[2025-03-16 23:04:27] $min_child_weight

[2025-03-16 23:04:27] [1] 5

[2025-03-16 23:04:27] 

[2025-03-16 23:04:27] $subsample

[2025-03-16 23:04:27] [1] 0.7619161

[2025-03-16 23:04:27] 

