[2025-03-16 23:10:40] 🚀 Exit Velocity Feature Selection Started...

[2025-03-16 23:10:40] ✅ Train Size: 476 Test Size: 201

[2025-03-16 23:10:40] 🔥 Best Hyperparameters Found:

[2025-03-16 23:10:40] $eta

[2025-03-16 23:10:40] [1] 0.04076756

[2025-03-16 23:10:40] 

[2025-03-16 23:10:40] $max_depth

[2025-03-16 23:10:40] [1] 4

[2025-03-16 23:10:40] 

[2025-03-16 23:10:40] $gamma

[2025-03-16 23:10:40] [1] 0.7044199

[2025-03-16 23:10:40] 

[2025-03-16 23:10:40] $colsample_bytree

[2025-03-16 23:10:40] [1] 0.6807796

[2025-03-16 23:10:40] 

[2025-03-16 23:10:40] $min_child_weight

[2025-03-16 23:10:40] [1] 5

[2025-03-16 23:10:40] 

[2025-03-16 23:10:40] $subsample

[2025-03-16 23:10:40] [1] 0.7619161

[2025-03-16 23:10:40] 

[2025-03-16 23:10:54] 🔹 Using 50 features from XGBoost/SHAP.

