[2025-03-16 22:23:31] 🚀 Exit Velocity Feature Selection Started...

[2025-03-16 22:23:31] ✅ Train Size: 476 Test Size: 201

[2025-03-16 22:34:20] 🔥 Best Hyperparameters Found:

[2025-03-16 22:34:20] $eta

[2025-03-16 22:34:20] [1] 0.04076756

[2025-03-16 22:34:20] 

[2025-03-16 22:34:20] $max_depth

[2025-03-16 22:34:20] [1] 4

[2025-03-16 22:34:20] 

[2025-03-16 22:34:20] $gamma

[2025-03-16 22:34:20] [1] 0.7044199

[2025-03-16 22:34:20] 

[2025-03-16 22:34:20] $colsample_bytree

[2025-03-16 22:34:20] [1] 0.6807796

[2025-03-16 22:34:20] 

[2025-03-16 22:34:20] $min_child_weight

[2025-03-16 22:34:20] [1] 5

[2025-03-16 22:34:20] 

[2025-03-16 22:34:20] $subsample

[2025-03-16 22:34:20] [1] 0.7619161

[2025-03-16 22:34:20] 

