[2025-03-16 22:41:26] 🚀 Exit Velocity Feature Selection Started...

[2025-03-16 22:41:26] ✅ Train Size: 476 Test Size: 201

[2025-03-16 22:51:34] 🔥 Best Hyperparameters Found:

[2025-03-16 22:51:34] $eta

[2025-03-16 22:51:34] [1] 0.04076756

[2025-03-16 22:51:34] 

[2025-03-16 22:51:34] $max_depth

[2025-03-16 22:51:34] [1] 4

[2025-03-16 22:51:34] 

[2025-03-16 22:51:34] $gamma

[2025-03-16 22:51:34] [1] 0.7044199

[2025-03-16 22:51:34] 

[2025-03-16 22:51:34] $colsample_bytree

[2025-03-16 22:51:34] [1] 0.6807796

[2025-03-16 22:51:34] 

[2025-03-16 22:51:34] $min_child_weight

[2025-03-16 22:51:34] [1] 5

[2025-03-16 22:51:34] 

[2025-03-16 22:51:34] $subsample

[2025-03-16 22:51:34] [1] 0.7619161

[2025-03-16 22:51:34] 

