[2025-03-16 23:18:48] 🚀 Exit Velocity Feature Selection Started...

[2025-03-16 23:18:48] ✅ Train Size: 476 Test Size: 201

[2025-03-16 23:18:48] 🔥 Best Hyperparameters Found:

[2025-03-16 23:18:48] $eta

[2025-03-16 23:18:48] [1] 0.04076756

[2025-03-16 23:18:48] 

[2025-03-16 23:18:48] $max_depth

[2025-03-16 23:18:48] [1] 4

[2025-03-16 23:18:48] 

[2025-03-16 23:18:48] $gamma

[2025-03-16 23:18:48] [1] 0.7044199

[2025-03-16 23:18:48] 

[2025-03-16 23:18:48] $colsample_bytree

[2025-03-16 23:18:48] [1] 0.6807796

[2025-03-16 23:18:48] 

[2025-03-16 23:18:48] $min_child_weight

[2025-03-16 23:18:48] [1] 5

[2025-03-16 23:18:48] 

[2025-03-16 23:18:48] $subsample

[2025-03-16 23:18:48] [1] 0.7619161

[2025-03-16 23:18:48] 

[2025-03-16 23:19:02] 🔹 Using 50 features from XGBoost/SHAP.

