[2025-03-16 22:55:24] 🚀 Exit Velocity Feature Selection Started...

[2025-03-16 22:55:24] ✅ Train Size: 476 Test Size: 201

[2025-03-16 22:55:24] 🔥 Best Hyperparameters Found:

[2025-03-16 22:55:24] $eta

[2025-03-16 22:55:24] [1] 0.04076756

[2025-03-16 22:55:24] 

[2025-03-16 22:55:24] $max_depth

[2025-03-16 22:55:24] [1] 4

[2025-03-16 22:55:24] 

[2025-03-16 22:55:24] $gamma

[2025-03-16 22:55:24] [1] 0.7044199

[2025-03-16 22:55:24] 

[2025-03-16 22:55:24] $colsample_bytree

[2025-03-16 22:55:24] [1] 0.6807796

[2025-03-16 22:55:24] 

[2025-03-16 22:55:24] $min_child_weight

[2025-03-16 22:55:24] [1] 5

[2025-03-16 22:55:24] 

[2025-03-16 22:55:24] $subsample

[2025-03-16 22:55:24] [1] 0.7619161

[2025-03-16 22:55:24] 

