[2025-03-16 23:07:55] 🚀 Exit Velocity Feature Selection Started...

[2025-03-16 23:07:55] ✅ Train Size: 476 Test Size: 201

[2025-03-16 23:07:55] 🔥 Best Hyperparameters Found:

[2025-03-16 23:07:55] $eta

[2025-03-16 23:07:55] [1] 0.04076756

[2025-03-16 23:07:55] 

[2025-03-16 23:07:55] $max_depth

[2025-03-16 23:07:55] [1] 4

[2025-03-16 23:07:55] 

[2025-03-16 23:07:55] $gamma

[2025-03-16 23:07:55] [1] 0.7044199

[2025-03-16 23:07:55] 

[2025-03-16 23:07:55] $colsample_bytree

[2025-03-16 23:07:55] [1] 0.6807796

[2025-03-16 23:07:55] 

[2025-03-16 23:07:55] $min_child_weight

[2025-03-16 23:07:55] [1] 5

[2025-03-16 23:07:55] 

[2025-03-16 23:07:55] $subsample

[2025-03-16 23:07:55] [1] 0.7619161

[2025-03-16 23:07:55] 

[2025-03-16 23:08:09] 🔹 Using 50 features from XGBoost/SHAP.

