[2025-03-16 23:14:17] 🚀 Exit Velocity Feature Selection Started...

[2025-03-16 23:14:17] ✅ Train Size: 476 Test Size: 201

[2025-03-16 23:14:17] 🔥 Best Hyperparameters Found:

[2025-03-16 23:14:17] $eta

[2025-03-16 23:14:17] [1] 0.04076756

[2025-03-16 23:14:17] 

[2025-03-16 23:14:17] $max_depth

[2025-03-16 23:14:17] [1] 4

[2025-03-16 23:14:17] 

[2025-03-16 23:14:17] $gamma

[2025-03-16 23:14:17] [1] 0.7044199

[2025-03-16 23:14:17] 

[2025-03-16 23:14:17] $colsample_bytree

[2025-03-16 23:14:17] [1] 0.6807796

[2025-03-16 23:14:17] 

[2025-03-16 23:14:17] $min_child_weight

[2025-03-16 23:14:17] [1] 5

[2025-03-16 23:14:17] 

[2025-03-16 23:14:17] $subsample

[2025-03-16 23:14:17] [1] 0.7619161

[2025-03-16 23:14:17] 

[2025-03-16 23:14:30] 🔹 Using 50 features from XGBoost/SHAP.

