[2025-03-16 21:58:00] 🚀 Exit Velocity Feature Selection Started...

[2025-03-16 21:58:00] ✅ Train Size: 476 Test Size: 201

[2025-03-16 22:08:35] 🔥 Best Hyperparameters Found:

[2025-03-16 22:08:35] $eta

[2025-03-16 22:08:35] [1] 0.04076756

[2025-03-16 22:08:35] 

[2025-03-16 22:08:35] $max_depth

[2025-03-16 22:08:35] [1] 4.882579

[2025-03-16 22:08:35] 

[2025-03-16 22:08:35] $gamma

[2025-03-16 22:08:35] [1] 0.7044199

[2025-03-16 22:08:35] 

[2025-03-16 22:08:35] $colsample_bytree

[2025-03-16 22:08:35] [1] 0.6807796

[2025-03-16 22:08:35] 

[2025-03-16 22:08:35] $min_child_weight

[2025-03-16 22:08:35] [1] 5.985673

[2025-03-16 22:08:35] 

[2025-03-16 22:08:35] $subsample

[2025-03-16 22:08:35] [1] 0.7619161

[2025-03-16 22:08:35] 

